<?xml version="1.0" encoding="UTF-8"?>
<coverage generated="1764656261378" clover="3.2.0">
  <project timestamp="1764656261378" name="All files">
    <metrics statements="86" coveredstatements="63" conditionals="39" coveredconditionals="26" methods="16" coveredmethods="11" elements="141" coveredelements="100" complexity="0" loc="86" ncloc="86" packages="1" files="3" classes="3"/>
    <file name="iconnmr.js" path="/Users/lpatiny/git/cheminfo/screening/src/iconnmr.js">
      <metrics statements="28" coveredstatements="21" conditionals="12" coveredconditionals="8" methods="3" coveredmethods="3"/>
      <line num="13" count="1" type="cond" truecount="1" falsecount="1"/>
      <line num="14" count="1" type="cond" truecount="1" falsecount="0"/>
      <line num="15" count="1" type="stmt"/>
      <line num="17" count="1" type="stmt"/>
      <line num="18" count="2" type="stmt"/>
      <line num="19" count="2" type="stmt"/>
      <line num="20" count="2" type="cond" truecount="1" falsecount="1"/>
      <line num="21" count="0" type="stmt"/>
      <line num="22" count="0" type="stmt"/>
      <line num="23" count="0" type="stmt"/>
      <line num="25" count="2" type="stmt"/>
      <line num="26" count="2" type="stmt"/>
      <line num="27" count="2" type="cond" truecount="1" falsecount="1"/>
      <line num="28" count="2" type="stmt"/>
      <line num="29" count="2" type="stmt"/>
      <line num="30" count="2" type="stmt"/>
      <line num="31" count="4" type="stmt"/>
      <line num="32" count="4" type="stmt"/>
      <line num="33" count="4" type="stmt"/>
      <line num="34" count="4" type="cond" truecount="3" falsecount="1"/>
      <line num="35" count="0" type="stmt"/>
      <line num="36" count="0" type="stmt"/>
      <line num="37" count="0" type="stmt"/>
      <line num="39" count="0" type="stmt"/>
      <line num="42" count="2" type="stmt"/>
      <line num="44" count="1" type="stmt"/>
      <line num="48" count="2" type="stmt"/>
      <line num="52" count="2" type="stmt"/>
    </file>
    <file name="plate.js" path="/Users/lpatiny/git/cheminfo/screening/src/plate.js">
      <metrics statements="38" coveredstatements="24" conditionals="23" coveredconditionals="16" methods="9" coveredmethods="4"/>
      <line num="12" count="2" type="cond" truecount="2" falsecount="0"/>
      <line num="13" count="2" type="cond" truecount="2" falsecount="0"/>
      <line num="14" count="2" type="stmt"/>
      <line num="15" count="2" type="stmt"/>
      <line num="19" count="0" type="stmt"/>
      <line num="23" count="1" type="cond" truecount="1" falsecount="1"/>
      <line num="24" count="1" type="stmt"/>
      <line num="25" count="96" type="stmt"/>
      <line num="27" count="1" type="stmt"/>
      <line num="29" count="1" type="stmt"/>
      <line num="30" count="4" type="stmt"/>
      <line num="31" count="4" type="stmt"/>
      <line num="32" count="4" type="cond" truecount="4" falsecount="0"/>
      <line num="33" count="2" type="stmt"/>
      <line num="34" count="21" type="stmt"/>
      <line num="35" count="21" type="cond" truecount="2" falsecount="0"/>
      <line num="38" count="2" type="stmt"/>
      <line num="39" count="2" type="cond" truecount="2" falsecount="0"/>
      <line num="43" count="0" type="stmt"/>
      <line num="44" count="0" type="cond" truecount="0" falsecount="2"/>
      <line num="45" count="0" type="stmt"/>
      <line num="47" count="0" type="stmt"/>
      <line num="54" count="0" type="stmt"/>
      <line num="58" count="0" type="stmt"/>
      <line num="59" count="0" type="cond" truecount="0" falsecount="2"/>
      <line num="60" count="0" type="stmt"/>
      <line num="61" count="0" type="cond" truecount="0" falsecount="2"/>
      <line num="62" count="0" type="stmt"/>
      <line num="64" count="0" type="stmt"/>
      <line num="70" count="0" type="stmt"/>
      <line num="74" count="0" type="stmt"/>
      <line num="78" count="2" type="stmt"/>
      <line num="79" count="2" type="stmt"/>
      <line num="80" count="10" type="stmt"/>
      <line num="81" count="102" type="stmt"/>
      <line num="82" count="102" type="stmt"/>
      <line num="93" count="23" type="cond" truecount="2" falsecount="0"/>
      <line num="94" count="23" type="stmt"/>
    </file>
    <file name="util.js" path="/Users/lpatiny/git/cheminfo/screening/src/util.js">
      <metrics statements="20" coveredstatements="18" conditionals="4" coveredconditionals="2" methods="4" coveredmethods="4"/>
      <line num="5" count="8" type="cond" truecount="1" falsecount="1"/>
      <line num="6" count="0" type="stmt"/>
      <line num="8" count="8" type="stmt"/>
      <line num="9" count="8" type="stmt"/>
      <line num="10" count="8" type="stmt"/>
      <line num="11" count="8" type="stmt"/>
      <line num="15" count="106" type="cond" truecount="1" falsecount="1"/>
      <line num="16" count="0" type="stmt"/>
      <line num="18" count="106" type="stmt"/>
      <line num="19" count="106" type="stmt"/>
      <line num="25" count="12" type="stmt"/>
      <line num="26" count="12" type="stmt"/>
      <line num="27" count="14" type="stmt"/>
      <line num="28" count="14" type="stmt"/>
      <line num="30" count="12" type="stmt"/>
      <line num="34" count="110" type="stmt"/>
      <line num="35" count="110" type="stmt"/>
      <line num="36" count="112" type="stmt"/>
      <line num="37" count="112" type="stmt"/>
      <line num="39" count="110" type="stmt"/>
    </file>
  </project>
</coverage>
