{"/Users/lpatiny/git/cheminfo/screening/src/iconnmr.js": {"path":"/Users/lpatiny/git/cheminfo/screening/src/iconnmr.js","statementMap":{"0":{"start":{"line":13,"column":14},"end":{"line":13,"column":35}},"1":{"start":{"line":14,"column":30},"end":{"line":14,"column":37}},"2":{"start":{"line":15,"column":17},"end":{"line":15,"column":19}},"3":{"start":{"line":17,"column":2},"end":{"line":43,"column":null}},"4":{"start":{"line":18,"column":17},"end":{"line":18,"column":57}},"5":{"start":{"line":19,"column":27},"end":{"line":19,"column":64}},"6":{"start":{"line":20,"column":4},"end":{"line":24,"column":null}},"7":{"start":{"line":21,"column":6},"end":{"line":21,"column":null}},"8":{"start":{"line":22,"column":6},"end":{"line":22,"column":null}},"9":{"start":{"line":23,"column":6},"end":{"line":23,"column":30}},"10":{"start":{"line":25,"column":4},"end":{"line":25,"column":null}},"11":{"start":{"line":26,"column":4},"end":{"line":26,"column":null}},"12":{"start":{"line":27,"column":4},"end":{"line":27,"column":null}},"13":{"start":{"line":27,"column":29},"end":{"line":27,"column":null}},"14":{"start":{"line":28,"column":4},"end":{"line":28,"column":null}},"15":{"start":{"line":29,"column":4},"end":{"line":29,"column":null}},"16":{"start":{"line":30,"column":4},"end":{"line":41,"column":null}},"17":{"start":{"line":31,"column":6},"end":{"line":31,"column":null}},"18":{"start":{"line":32,"column":6},"end":{"line":32,"column":null}},"19":{"start":{"line":33,"column":6},"end":{"line":33,"column":null}},"20":{"start":{"line":34,"column":6},"end":{"line":40,"column":null}},"21":{"start":{"line":35,"column":25},"end":{"line":35,"column":27}},"22":{"start":{"line":36,"column":8},"end":{"line":38,"column":null}},"23":{"start":{"line":37,"column":10},"end":{"line":37,"column":null}},"24":{"start":{"line":39,"column":8},"end":{"line":39,"column":null}},"25":{"start":{"line":42,"column":4},"end":{"line":42,"column":null}},"26":{"start":{"line":44,"column":2},"end":{"line":44,"column":null}},"27":{"start":{"line":48,"column":2},"end":{"line":48,"column":null}},"28":{"start":{"line":52,"column":2},"end":{"line":52,"column":null}}},"fnMap":{"0":{"name":"generateFile","decl":{"start":{"line":12,"column":16},"end":{"line":12,"column":28}},"loc":{"start":{"line":12,"column":53},"end":{"line":45,"column":null}},"line":12},"1":{"name":"getHolder","decl":{"start":{"line":47,"column":9},"end":{"line":47,"column":18}},"loc":{"start":{"line":47,"column":42},"end":{"line":49,"column":null}},"line":47},"2":{"name":"getExperimentNumber","decl":{"start":{"line":51,"column":9},"end":{"line":51,"column":28}},"loc":{"start":{"line":51,"column":39},"end":{"line":53,"column":null}},"line":51}},"branchMap":{"0":{"loc":{"start":{"line":12,"column":39},"end":{"line":12,"column":51}},"type":"default-arg","locations":[{"start":{"line":12,"column":49},"end":{"line":12,"column":51}}],"line":12},"1":{"loc":{"start":{"line":13,"column":14},"end":{"line":13,"column":35}},"type":"binary-expr","locations":[{"start":{"line":13,"column":14},"end":{"line":13,"column":25}},{"start":{"line":13,"column":29},"end":{"line":13,"column":35}}],"line":13},"2":{"loc":{"start":{"line":14,"column":10},"end":{"line":14,"column":25}},"type":"default-arg","locations":[{"start":{"line":14,"column":24},"end":{"line":14,"column":25}}],"line":14},"3":{"loc":{"start":{"line":20,"column":4},"end":{"line":24,"column":null}},"type":"if","locations":[{"start":{"line":20,"column":4},"end":{"line":24,"column":null}},{"start":{},"end":{}}],"line":20},"4":{"loc":{"start":{"line":27,"column":4},"end":{"line":27,"column":null}},"type":"if","locations":[{"start":{"line":27,"column":4},"end":{"line":27,"column":null}},{"start":{},"end":{}}],"line":27},"5":{"loc":{"start":{"line":34,"column":6},"end":{"line":40,"column":null}},"type":"if","locations":[{"start":{"line":34,"column":6},"end":{"line":40,"column":null}},{"start":{},"end":{}}],"line":34},"6":{"loc":{"start":{"line":34,"column":10},"end":{"line":34,"column":67}},"type":"binary-expr","locations":[{"start":{"line":34,"column":10},"end":{"line":34,"column":31}},{"start":{"line":34,"column":35},"end":{"line":34,"column":67}}],"line":34}},"s":{"0":1,"1":1,"2":1,"3":1,"4":2,"5":2,"6":2,"7":0,"8":0,"9":0,"10":2,"11":2,"12":2,"13":2,"14":2,"15":2,"16":2,"17":4,"18":4,"19":4,"20":4,"21":0,"22":0,"23":0,"24":0,"25":2,"26":1,"27":2,"28":2},"f":{"0":1,"1":2,"2":2},"b":{"0":[1],"1":[1,0],"2":[1],"3":[0,2],"4":[2,0],"5":[0,4],"6":[4,2]},"meta":{"lastBranch":7,"lastFunction":3,"lastStatement":29,"seen":{"f:12:16:12:28":0,"b:12:49:12:51":0,"s:13:14:13:35":0,"b:13:14:13:25:13:29:13:35":1,"s:14:30:14:37":1,"b:14:24:14:25":2,"s:15:17:15:19":2,"s:17:2:43:Infinity":3,"s:18:17:18:57":4,"s:19:27:19:64":5,"b:20:4:24:Infinity:undefined:undefined:undefined:undefined":3,"s:20:4:24:Infinity":6,"s:21:6:21:Infinity":7,"s:22:6:22:Infinity":8,"s:23:6:23:30":9,"s:25:4:25:Infinity":10,"s:26:4:26:Infinity":11,"b:27:4:27:Infinity:undefined:undefined:undefined:undefined":4,"s:27:4:27:Infinity":12,"s:27:29:27:Infinity":13,"s:28:4:28:Infinity":14,"s:29:4:29:Infinity":15,"s:30:4:41:Infinity":16,"s:31:6:31:Infinity":17,"s:32:6:32:Infinity":18,"s:33:6:33:Infinity":19,"b:34:6:40:Infinity:undefined:undefined:undefined:undefined":5,"s:34:6:40:Infinity":20,"b:34:10:34:31:34:35:34:67":6,"s:35:25:35:27":21,"s:36:8:38:Infinity":22,"s:37:10:37:Infinity":23,"s:39:8:39:Infinity":24,"s:42:4:42:Infinity":25,"s:44:2:44:Infinity":26,"f:47:9:47:18":1,"s:48:2:48:Infinity":27,"f:51:9:51:28":2,"s:52:2:52:Infinity":28}}}
,"/Users/lpatiny/git/cheminfo/screening/src/plate.js": {"path":"/Users/lpatiny/git/cheminfo/screening/src/plate.js","statementMap":{"0":{"start":{"line":12,"column":4},"end":{"line":12,"column":null}},"1":{"start":{"line":13,"column":4},"end":{"line":13,"column":null}},"2":{"start":{"line":14,"column":4},"end":{"line":14,"column":null}},"3":{"start":{"line":15,"column":4},"end":{"line":15,"column":null}},"4":{"start":{"line":19,"column":4},"end":{"line":19,"column":null}},"5":{"start":{"line":23,"column":4},"end":{"line":50,"column":null}},"6":{"start":{"line":24,"column":6},"end":{"line":26,"column":null}},"7":{"start":{"line":25,"column":8},"end":{"line":25,"column":null}},"8":{"start":{"line":27,"column":16},"end":{"line":27,"column":35}},"9":{"start":{"line":29,"column":6},"end":{"line":41,"column":null}},"10":{"start":{"line":30,"column":19},"end":{"line":30,"column":24}},"11":{"start":{"line":31,"column":17},"end":{"line":31,"column":22}},"12":{"start":{"line":32,"column":8},"end":{"line":40,"column":null}},"13":{"start":{"line":33,"column":10},"end":{"line":36,"column":null}},"14":{"start":{"line":33,"column":23},"end":{"line":33,"column":27}},"15":{"start":{"line":34,"column":23},"end":{"line":34,"column":40}},"16":{"start":{"line":35,"column":12},"end":{"line":35,"column":null}},"17":{"start":{"line":35,"column":37},"end":{"line":35,"column":null}},"18":{"start":{"line":38,"column":21},"end":{"line":38,"column":41}},"19":{"start":{"line":39,"column":10},"end":{"line":39,"column":null}},"20":{"start":{"line":39,"column":35},"end":{"line":39,"column":null}},"21":{"start":{"line":43,"column":6},"end":{"line":49,"column":null}},"22":{"start":{"line":44,"column":8},"end":{"line":48,"column":null}},"23":{"start":{"line":45,"column":10},"end":{"line":45,"column":null}},"24":{"start":{"line":47,"column":10},"end":{"line":47,"column":null}},"25":{"start":{"line":54,"column":4},"end":{"line":54,"column":null}},"26":{"start":{"line":58,"column":4},"end":{"line":66,"column":null}},"27":{"start":{"line":59,"column":6},"end":{"line":65,"column":null}},"28":{"start":{"line":60,"column":8},"end":{"line":60,"column":null}},"29":{"start":{"line":61,"column":13},"end":{"line":65,"column":null}},"30":{"start":{"line":62,"column":8},"end":{"line":62,"column":null}},"31":{"start":{"line":64,"column":8},"end":{"line":64,"column":null}},"32":{"start":{"line":70,"column":4},"end":{"line":70,"column":null}},"33":{"start":{"line":74,"column":4},"end":{"line":74,"column":null}},"34":{"start":{"line":78,"column":4},"end":{"line":78,"column":null}},"35":{"start":{"line":79,"column":4},"end":{"line":88,"column":null}},"36":{"start":{"line":79,"column":19},"end":{"line":79,"column":20}},"37":{"start":{"line":80,"column":6},"end":{"line":87,"column":null}},"38":{"start":{"line":80,"column":24},"end":{"line":80,"column":25}},"39":{"start":{"line":81,"column":16},"end":{"line":81,"column":41}},"40":{"start":{"line":82,"column":8},"end":{"line":86,"column":null}},"41":{"start":{"line":93,"column":14},"end":{"line":93,"column":79}},"42":{"start":{"line":94,"column":2},"end":{"line":94,"column":null}}},"fnMap":{"0":{"name":"(anonymous_0)","decl":{"start":{"line":11,"column":2},"end":{"line":11,"column":13}},"loc":{"start":{"line":11,"column":28},"end":{"line":16,"column":null}},"line":11},"1":{"name":"(anonymous_1)","decl":{"start":{"line":18,"column":2},"end":{"line":18,"column":10}},"loc":{"start":{"line":18,"column":13},"end":{"line":20,"column":null}},"line":18},"2":{"name":"(anonymous_2)","decl":{"start":{"line":22,"column":2},"end":{"line":22,"column":8}},"loc":{"start":{"line":22,"column":16},"end":{"line":51,"column":null}},"line":22},"3":{"name":"(anonymous_3)","decl":{"start":{"line":53,"column":2},"end":{"line":53,"column":17}},"loc":{"start":{"line":53,"column":25},"end":{"line":55,"column":null}},"line":53},"4":{"name":"(anonymous_4)","decl":{"start":{"line":57,"column":2},"end":{"line":57,"column":13}},"loc":{"start":{"line":57,"column":16},"end":{"line":67,"column":null}},"line":57},"5":{"name":"(anonymous_5)","decl":{"start":{"line":69,"column":2},"end":{"line":69,"column":15}},"loc":{"start":{"line":69,"column":26},"end":{"line":71,"column":null}},"line":69},"6":{"name":"(anonymous_6)","decl":{"start":{"line":73,"column":2},"end":{"line":73,"column":13}},"loc":{"start":{"line":73,"column":22},"end":{"line":75,"column":null}},"line":73},"7":{"name":"(anonymous_7)","decl":{"start":{"line":77,"column":2},"end":{"line":77,"column":12}},"loc":{"start":{"line":77,"column":15},"end":{"line":89,"column":null}},"line":77},"8":{"name":"isEmpty","decl":{"start":{"line":92,"column":9},"end":{"line":92,"column":16}},"loc":{"start":{"line":92,"column":25},"end":{"line":95,"column":null}},"line":92}},"branchMap":{"0":{"loc":{"start":{"line":11,"column":14},"end":{"line":11,"column":26}},"type":"default-arg","locations":[{"start":{"line":11,"column":24},"end":{"line":11,"column":26}}],"line":11},"1":{"loc":{"start":{"line":12,"column":17},"end":{"line":12,"column":36}},"type":"binary-expr","locations":[{"start":{"line":12,"column":17},"end":{"line":12,"column":30}},{"start":{"line":12,"column":34},"end":{"line":12,"column":36}}],"line":12},"2":{"loc":{"start":{"line":13,"column":18},"end":{"line":13,"column":56}},"type":"binary-expr","locations":[{"start":{"line":13,"column":18},"end":{"line":13,"column":32}},{"start":{"line":13,"column":36},"end":{"line":13,"column":56}}],"line":13},"3":{"loc":{"start":{"line":23,"column":4},"end":{"line":50,"column":null}},"type":"if","locations":[{"start":{"line":23,"column":4},"end":{"line":50,"column":null}},{"start":{"line":42,"column":11},"end":{"line":50,"column":null}}],"line":23},"4":{"loc":{"start":{"line":32,"column":8},"end":{"line":40,"column":null}},"type":"if","locations":[{"start":{"line":32,"column":8},"end":{"line":40,"column":null}},{"start":{"line":37,"column":15},"end":{"line":40,"column":null}}],"line":32},"5":{"loc":{"start":{"line":32,"column":12},"end":{"line":32,"column":28}},"type":"binary-expr","locations":[{"start":{"line":32,"column":12},"end":{"line":32,"column":14}},{"start":{"line":32,"column":18},"end":{"line":32,"column":28}}],"line":32},"6":{"loc":{"start":{"line":35,"column":12},"end":{"line":35,"column":null}},"type":"if","locations":[{"start":{"line":35,"column":12},"end":{"line":35,"column":null}},{"start":{},"end":{}}],"line":35},"7":{"loc":{"start":{"line":39,"column":10},"end":{"line":39,"column":null}},"type":"if","locations":[{"start":{"line":39,"column":10},"end":{"line":39,"column":null}},{"start":{},"end":{}}],"line":39},"8":{"loc":{"start":{"line":44,"column":8},"end":{"line":48,"column":null}},"type":"if","locations":[{"start":{"line":44,"column":8},"end":{"line":48,"column":null}},{"start":{"line":46,"column":15},"end":{"line":48,"column":null}}],"line":44},"9":{"loc":{"start":{"line":59,"column":6},"end":{"line":65,"column":null}},"type":"if","locations":[{"start":{"line":59,"column":6},"end":{"line":65,"column":null}},{"start":{"line":61,"column":13},"end":{"line":65,"column":null}}],"line":59},"10":{"loc":{"start":{"line":61,"column":13},"end":{"line":65,"column":null}},"type":"if","locations":[{"start":{"line":61,"column":13},"end":{"line":65,"column":null}},{"start":{"line":63,"column":13},"end":{"line":65,"column":null}}],"line":61},"11":{"loc":{"start":{"line":93,"column":14},"end":{"line":93,"column":79}},"type":"binary-expr","locations":[{"start":{"line":93,"column":14},"end":{"line":93,"column":46}},{"start":{"line":93,"column":50},"end":{"line":93,"column":79}}],"line":93}},"s":{"0":2,"1":2,"2":2,"3":2,"4":0,"5":1,"6":1,"7":96,"8":1,"9":1,"10":4,"11":4,"12":4,"13":2,"14":2,"15":21,"16":21,"17":10,"18":2,"19":2,"20":1,"21":0,"22":0,"23":0,"24":0,"25":0,"26":0,"27":0,"28":0,"29":0,"30":0,"31":0,"32":0,"33":0,"34":2,"35":2,"36":2,"37":10,"38":10,"39":102,"40":102,"41":23,"42":23},"f":{"0":2,"1":0,"2":1,"3":0,"4":0,"5":0,"6":0,"7":2,"8":23},"b":{"0":[2],"1":[2,1],"2":[2,1],"3":[1,0],"4":[2,2],"5":[4,2],"6":[10,11],"7":[1,1],"8":[0,0],"9":[0,0],"10":[0,0],"11":[23,12]},"meta":{"lastBranch":12,"lastFunction":9,"lastStatement":43,"seen":{"f:11:2:11:13":0,"b:11:24:11:26":0,"s:12:4:12:Infinity":0,"b:12:17:12:30:12:34:12:36":1,"s:13:4:13:Infinity":1,"b:13:18:13:32:13:36:13:56":2,"s:14:4:14:Infinity":2,"s:15:4:15:Infinity":3,"f:18:2:18:10":1,"s:19:4:19:Infinity":4,"f:22:2:22:8":2,"b:23:4:50:Infinity:42:11:50:Infinity":3,"s:23:4:50:Infinity":5,"s:24:6:26:Infinity":6,"s:25:8:25:Infinity":7,"s:27:16:27:35":8,"s:29:6:41:Infinity":9,"s:30:19:30:24":10,"s:31:17:31:22":11,"b:32:8:40:Infinity:37:15:40:Infinity":4,"s:32:8:40:Infinity":12,"b:32:12:32:14:32:18:32:28":5,"s:33:10:36:Infinity":13,"s:33:23:33:27":14,"s:34:23:34:40":15,"b:35:12:35:Infinity:undefined:undefined:undefined:undefined":6,"s:35:12:35:Infinity":16,"s:35:37:35:Infinity":17,"s:38:21:38:41":18,"b:39:10:39:Infinity:undefined:undefined:undefined:undefined":7,"s:39:10:39:Infinity":19,"s:39:35:39:Infinity":20,"s:43:6:49:Infinity":21,"b:44:8:48:Infinity:46:15:48:Infinity":8,"s:44:8:48:Infinity":22,"s:45:10:45:Infinity":23,"s:47:10:47:Infinity":24,"f:53:2:53:17":3,"s:54:4:54:Infinity":25,"f:57:2:57:13":4,"s:58:4:66:Infinity":26,"b:59:6:65:Infinity:61:13:65:Infinity":9,"s:59:6:65:Infinity":27,"s:60:8:60:Infinity":28,"b:61:13:65:Infinity:63:13:65:Infinity":10,"s:61:13:65:Infinity":29,"s:62:8:62:Infinity":30,"s:64:8:64:Infinity":31,"f:69:2:69:15":5,"s:70:4:70:Infinity":32,"f:73:2:73:13":6,"s:74:4:74:Infinity":33,"f:77:2:77:12":7,"s:78:4:78:Infinity":34,"s:79:4:88:Infinity":35,"s:79:19:79:20":36,"s:80:6:87:Infinity":37,"s:80:24:80:25":38,"s:81:16:81:41":39,"s:82:8:86:Infinity":40,"f:92:9:92:16":8,"s:93:14:93:79":41,"b:93:14:93:46:93:50:93:79":11,"s:94:2:94:Infinity":42}}}
,"/Users/lpatiny/git/cheminfo/screening/src/util.js": {"path":"/Users/lpatiny/git/cheminfo/screening/src/util.js","statementMap":{"0":{"start":{"line":5,"column":2},"end":{"line":7,"column":null}},"1":{"start":{"line":6,"column":4},"end":{"line":6,"column":null}},"2":{"start":{"line":8,"column":2},"end":{"line":8,"column":null}},"3":{"start":{"line":9,"column":15},"end":{"line":9,"column":45}},"4":{"start":{"line":10,"column":15},"end":{"line":10,"column":45}},"5":{"start":{"line":11,"column":2},"end":{"line":11,"column":null}},"6":{"start":{"line":15,"column":2},"end":{"line":17,"column":null}},"7":{"start":{"line":16,"column":4},"end":{"line":16,"column":null}},"8":{"start":{"line":18,"column":2},"end":{"line":18,"column":null}},"9":{"start":{"line":19,"column":2},"end":{"line":21,"column":null}},"10":{"start":{"line":25,"column":15},"end":{"line":25,"column":16}},"11":{"start":{"line":26,"column":2},"end":{"line":29,"column":null}},"12":{"start":{"line":26,"column":15},"end":{"line":26,"column":16}},"13":{"start":{"line":27,"column":4},"end":{"line":27,"column":null}},"14":{"start":{"line":28,"column":4},"end":{"line":28,"column":null}},"15":{"start":{"line":30,"column":2},"end":{"line":30,"column":null}},"16":{"start":{"line":34,"column":15},"end":{"line":34,"column":17}},"17":{"start":{"line":35,"column":2},"end":{"line":38,"column":null}},"18":{"start":{"line":36,"column":4},"end":{"line":36,"column":null}},"19":{"start":{"line":37,"column":4},"end":{"line":37,"column":null}},"20":{"start":{"line":39,"column":2},"end":{"line":39,"column":null}}},"fnMap":{"0":{"name":"positionToNumber","decl":{"start":{"line":4,"column":16},"end":{"line":4,"column":32}},"loc":{"start":{"line":4,"column":50},"end":{"line":12,"column":null}},"line":4},"1":{"name":"numberToPosition","decl":{"start":{"line":14,"column":16},"end":{"line":14,"column":32}},"loc":{"start":{"line":14,"column":48},"end":{"line":22,"column":null}},"line":14},"2":{"name":"stringToNumber","decl":{"start":{"line":24,"column":16},"end":{"line":24,"column":30}},"loc":{"start":{"line":24,"column":39},"end":{"line":31,"column":null}},"line":24},"3":{"name":"numberToString","decl":{"start":{"line":33,"column":16},"end":{"line":33,"column":30}},"loc":{"start":{"line":33,"column":39},"end":{"line":40,"column":null}},"line":33}},"branchMap":{"0":{"loc":{"start":{"line":5,"column":2},"end":{"line":7,"column":null}},"type":"if","locations":[{"start":{"line":5,"column":2},"end":{"line":7,"column":null}},{"start":{},"end":{}}],"line":5},"1":{"loc":{"start":{"line":15,"column":2},"end":{"line":17,"column":null}},"type":"if","locations":[{"start":{"line":15,"column":2},"end":{"line":17,"column":null}},{"start":{},"end":{}}],"line":15}},"s":{"0":8,"1":0,"2":8,"3":8,"4":8,"5":8,"6":106,"7":0,"8":106,"9":106,"10":12,"11":12,"12":12,"13":14,"14":14,"15":12,"16":110,"17":110,"18":112,"19":112,"20":110},"f":{"0":8,"1":106,"2":12,"3":110},"b":{"0":[0,8],"1":[0,106]},"meta":{"lastBranch":2,"lastFunction":4,"lastStatement":21,"seen":{"f:4:16:4:32":0,"b:5:2:7:Infinity:undefined:undefined:undefined:undefined":0,"s:5:2:7:Infinity":0,"s:6:4:6:Infinity":1,"s:8:2:8:Infinity":2,"s:9:15:9:45":3,"s:10:15:10:45":4,"s:11:2:11:Infinity":5,"f:14:16:14:32":1,"b:15:2:17:Infinity:undefined:undefined:undefined:undefined":1,"s:15:2:17:Infinity":6,"s:16:4:16:Infinity":7,"s:18:2:18:Infinity":8,"s:19:2:21:Infinity":9,"f:24:16:24:30":2,"s:25:15:25:16":10,"s:26:2:29:Infinity":11,"s:26:15:26:16":12,"s:27:4:27:Infinity":13,"s:28:4:28:Infinity":14,"s:30:2:30:Infinity":15,"f:33:16:33:30":3,"s:34:15:34:17":16,"s:35:2:38:Infinity":17,"s:36:4:36:Infinity":18,"s:37:4:37:Infinity":19,"s:39:2:39:Infinity":20}}}
}
